{
  "timestamp": "2025-12-12T18:36:12.570803",
  "total_challenges": 6,
  "successful": 0,
  "failed": 6,
  "use_tuning": false,
  "n_trials": 0,
  "results": [
    {
      "challenge_name": "ETH-LBFGS",
      "status": "failed",
      "reason": "{{function_node __wrapped__Sign_device_/job:localhost/replica:0/task:0/device:GPU:0}} JIT compilation failed. [Op:Sign] name: ",
      "traceback": "Traceback (most recent call last):\n  File \"/home/ocean/Nereus/SN123/scripts/training/train_all_challenges.py\", line 305, in train_challenge\n    model.train(\n  File \"/home/ocean/Nereus/SN123/scripts/training/model_architecture.py\", line 292, in train\n    self.lstm_model = self.build_lstm(input_dim)\n                      ^^^^^^^^^^^^^^^^^^^^^^^^^^\n  File \"/home/ocean/Nereus/SN123/scripts/training/model_architecture.py\", line 137, in build_lstm\n    model.add(LSTM(\n  File \"/home/ocean/Nereus/SN123/venv/lib/python3.11/site-packages/keras/src/models/sequential.py\", line 122, in add\n    self._maybe_rebuild()\n  File \"/home/ocean/Nereus/SN123/venv/lib/python3.11/site-packages/keras/src/models/sequential.py\", line 149, in _maybe_rebuild\n    self.build(input_shape)\n  File \"/home/ocean/Nereus/SN123/venv/lib/python3.11/site-packages/keras/src/layers/layer.py\", line 231, in build_wrapper\n    original_build_method(*args, **kwargs)\n  File \"/home/ocean/Nereus/SN123/venv/lib/python3.11/site-packages/keras/src/models/sequential.py\", line 195, in build\n    x = layer(x)\n        ^^^^^^^^\n  File \"/home/ocean/Nereus/SN123/venv/lib/python3.11/site-packages/keras/src/utils/traceback_utils.py\", line 122, in error_handler\n    raise e.with_traceback(filtered_tb) from None\n  File \"/home/ocean/Nereus/SN123/venv/lib/python3.11/site-packages/keras/src/backend/tensorflow/numpy.py\", line 2421, in sign\n    return tf.sign(x)\n           ^^^^^^^^^^\ntensorflow.python.framework.errors_impl.UnknownError: {{function_node __wrapped__Sign_device_/job:localhost/replica:0/task:0/device:GPU:0}} JIT compilation failed. [Op:Sign] name: \n"
    },
    {
      "challenge_name": "BTC-LBFGS-6H",
      "status": "failed",
      "reason": "{{function_node __wrapped__Sign_device_/job:localhost/replica:0/task:0/device:GPU:0}} JIT compilation failed. [Op:Sign] name: ",
      "traceback": "Traceback (most recent call last):\n  File \"/home/ocean/Nereus/SN123/scripts/training/train_all_challenges.py\", line 305, in train_challenge\n    model.train(\n  File \"/home/ocean/Nereus/SN123/scripts/training/model_architecture.py\", line 292, in train\n    self.lstm_model = self.build_lstm(input_dim)\n                      ^^^^^^^^^^^^^^^^^^^^^^^^^^\n  File \"/home/ocean/Nereus/SN123/scripts/training/model_architecture.py\", line 137, in build_lstm\n    model.add(LSTM(\n  File \"/home/ocean/Nereus/SN123/venv/lib/python3.11/site-packages/keras/src/models/sequential.py\", line 122, in add\n    self._maybe_rebuild()\n  File \"/home/ocean/Nereus/SN123/venv/lib/python3.11/site-packages/keras/src/models/sequential.py\", line 149, in _maybe_rebuild\n    self.build(input_shape)\n  File \"/home/ocean/Nereus/SN123/venv/lib/python3.11/site-packages/keras/src/layers/layer.py\", line 231, in build_wrapper\n    original_build_method(*args, **kwargs)\n  File \"/home/ocean/Nereus/SN123/venv/lib/python3.11/site-packages/keras/src/models/sequential.py\", line 195, in build\n    x = layer(x)\n        ^^^^^^^^\n  File \"/home/ocean/Nereus/SN123/venv/lib/python3.11/site-packages/keras/src/utils/traceback_utils.py\", line 122, in error_handler\n    raise e.with_traceback(filtered_tb) from None\n  File \"/home/ocean/Nereus/SN123/venv/lib/python3.11/site-packages/keras/src/backend/tensorflow/numpy.py\", line 2421, in sign\n    return tf.sign(x)\n           ^^^^^^^^^^\ntensorflow.python.framework.errors_impl.UnknownError: {{function_node __wrapped__Sign_device_/job:localhost/replica:0/task:0/device:GPU:0}} JIT compilation failed. [Op:Sign] name: \n"
    },
    {
      "challenge_name": "ETH-HITFIRST-100M",
      "status": "failed",
      "reason": "{{function_node __wrapped__Sign_device_/job:localhost/replica:0/task:0/device:GPU:0}} JIT compilation failed. [Op:Sign] name: ",
      "traceback": "Traceback (most recent call last):\n  File \"/home/ocean/Nereus/SN123/scripts/training/train_all_challenges.py\", line 305, in train_challenge\n    model.train(\n  File \"/home/ocean/Nereus/SN123/scripts/training/model_architecture.py\", line 292, in train\n    self.lstm_model = self.build_lstm(input_dim)\n                      ^^^^^^^^^^^^^^^^^^^^^^^^^^\n  File \"/home/ocean/Nereus/SN123/scripts/training/model_architecture.py\", line 137, in build_lstm\n    model.add(LSTM(\n  File \"/home/ocean/Nereus/SN123/venv/lib/python3.11/site-packages/keras/src/models/sequential.py\", line 122, in add\n    self._maybe_rebuild()\n  File \"/home/ocean/Nereus/SN123/venv/lib/python3.11/site-packages/keras/src/models/sequential.py\", line 149, in _maybe_rebuild\n    self.build(input_shape)\n  File \"/home/ocean/Nereus/SN123/venv/lib/python3.11/site-packages/keras/src/layers/layer.py\", line 231, in build_wrapper\n    original_build_method(*args, **kwargs)\n  File \"/home/ocean/Nereus/SN123/venv/lib/python3.11/site-packages/keras/src/models/sequential.py\", line 195, in build\n    x = layer(x)\n        ^^^^^^^^\n  File \"/home/ocean/Nereus/SN123/venv/lib/python3.11/site-packages/keras/src/utils/traceback_utils.py\", line 122, in error_handler\n    raise e.with_traceback(filtered_tb) from None\n  File \"/home/ocean/Nereus/SN123/venv/lib/python3.11/site-packages/keras/src/backend/tensorflow/numpy.py\", line 2421, in sign\n    return tf.sign(x)\n           ^^^^^^^^^^\ntensorflow.python.framework.errors_impl.UnknownError: {{function_node __wrapped__Sign_device_/job:localhost/replica:0/task:0/device:GPU:0}} JIT compilation failed. [Op:Sign] name: \n"
    },
    {
      "challenge_name": "ETH-1H-BINARY",
      "status": "failed",
      "reason": "{{function_node __wrapped__Sign_device_/job:localhost/replica:0/task:0/device:GPU:0}} JIT compilation failed. [Op:Sign] name: ",
      "traceback": "Traceback (most recent call last):\n  File \"/home/ocean/Nereus/SN123/scripts/training/train_all_challenges.py\", line 305, in train_challenge\n    model.train(\n  File \"/home/ocean/Nereus/SN123/scripts/training/model_architecture.py\", line 292, in train\n    self.lstm_model = self.build_lstm(input_dim)\n                      ^^^^^^^^^^^^^^^^^^^^^^^^^^\n  File \"/home/ocean/Nereus/SN123/scripts/training/model_architecture.py\", line 137, in build_lstm\n    model.add(LSTM(\n  File \"/home/ocean/Nereus/SN123/venv/lib/python3.11/site-packages/keras/src/models/sequential.py\", line 122, in add\n    self._maybe_rebuild()\n  File \"/home/ocean/Nereus/SN123/venv/lib/python3.11/site-packages/keras/src/models/sequential.py\", line 149, in _maybe_rebuild\n    self.build(input_shape)\n  File \"/home/ocean/Nereus/SN123/venv/lib/python3.11/site-packages/keras/src/layers/layer.py\", line 231, in build_wrapper\n    original_build_method(*args, **kwargs)\n  File \"/home/ocean/Nereus/SN123/venv/lib/python3.11/site-packages/keras/src/models/sequential.py\", line 195, in build\n    x = layer(x)\n        ^^^^^^^^\n  File \"/home/ocean/Nereus/SN123/venv/lib/python3.11/site-packages/keras/src/utils/traceback_utils.py\", line 122, in error_handler\n    raise e.with_traceback(filtered_tb) from None\n  File \"/home/ocean/Nereus/SN123/venv/lib/python3.11/site-packages/keras/src/backend/tensorflow/numpy.py\", line 2421, in sign\n    return tf.sign(x)\n           ^^^^^^^^^^\ntensorflow.python.framework.errors_impl.UnknownError: {{function_node __wrapped__Sign_device_/job:localhost/replica:0/task:0/device:GPU:0}} JIT compilation failed. [Op:Sign] name: \n"
    },
    {
      "challenge_name": "EURUSD-1H-BINARY",
      "status": "failed",
      "reason": "{{function_node __wrapped__Sign_device_/job:localhost/replica:0/task:0/device:GPU:0}} JIT compilation failed. [Op:Sign] name: ",
      "traceback": "Traceback (most recent call last):\n  File \"/home/ocean/Nereus/SN123/scripts/training/train_all_challenges.py\", line 305, in train_challenge\n    model.train(\n  File \"/home/ocean/Nereus/SN123/scripts/training/model_architecture.py\", line 292, in train\n    self.lstm_model = self.build_lstm(input_dim)\n                      ^^^^^^^^^^^^^^^^^^^^^^^^^^\n  File \"/home/ocean/Nereus/SN123/scripts/training/model_architecture.py\", line 137, in build_lstm\n    model.add(LSTM(\n  File \"/home/ocean/Nereus/SN123/venv/lib/python3.11/site-packages/keras/src/models/sequential.py\", line 122, in add\n    self._maybe_rebuild()\n  File \"/home/ocean/Nereus/SN123/venv/lib/python3.11/site-packages/keras/src/models/sequential.py\", line 149, in _maybe_rebuild\n    self.build(input_shape)\n  File \"/home/ocean/Nereus/SN123/venv/lib/python3.11/site-packages/keras/src/layers/layer.py\", line 231, in build_wrapper\n    original_build_method(*args, **kwargs)\n  File \"/home/ocean/Nereus/SN123/venv/lib/python3.11/site-packages/keras/src/models/sequential.py\", line 195, in build\n    x = layer(x)\n        ^^^^^^^^\n  File \"/home/ocean/Nereus/SN123/venv/lib/python3.11/site-packages/keras/src/utils/traceback_utils.py\", line 122, in error_handler\n    raise e.with_traceback(filtered_tb) from None\n  File \"/home/ocean/Nereus/SN123/venv/lib/python3.11/site-packages/keras/src/backend/tensorflow/numpy.py\", line 2421, in sign\n    return tf.sign(x)\n           ^^^^^^^^^^\ntensorflow.python.framework.errors_impl.UnknownError: {{function_node __wrapped__Sign_device_/job:localhost/replica:0/task:0/device:GPU:0}} JIT compilation failed. [Op:Sign] name: \n"
    },
    {
      "challenge_name": "GBPUSD-1H-BINARY",
      "status": "failed",
      "reason": "{{function_node __wrapped__Sign_device_/job:localhost/replica:0/task:0/device:GPU:0}} JIT compilation failed. [Op:Sign] name: ",
      "traceback": "Traceback (most recent call last):\n  File \"/home/ocean/Nereus/SN123/scripts/training/train_all_challenges.py\", line 305, in train_challenge\n    model.train(\n  File \"/home/ocean/Nereus/SN123/scripts/training/model_architecture.py\", line 292, in train\n    self.lstm_model = self.build_lstm(input_dim)\n                      ^^^^^^^^^^^^^^^^^^^^^^^^^^\n  File \"/home/ocean/Nereus/SN123/scripts/training/model_architecture.py\", line 137, in build_lstm\n    model.add(LSTM(\n  File \"/home/ocean/Nereus/SN123/venv/lib/python3.11/site-packages/keras/src/models/sequential.py\", line 122, in add\n    self._maybe_rebuild()\n  File \"/home/ocean/Nereus/SN123/venv/lib/python3.11/site-packages/keras/src/models/sequential.py\", line 149, in _maybe_rebuild\n    self.build(input_shape)\n  File \"/home/ocean/Nereus/SN123/venv/lib/python3.11/site-packages/keras/src/layers/layer.py\", line 231, in build_wrapper\n    original_build_method(*args, **kwargs)\n  File \"/home/ocean/Nereus/SN123/venv/lib/python3.11/site-packages/keras/src/models/sequential.py\", line 195, in build\n    x = layer(x)\n        ^^^^^^^^\n  File \"/home/ocean/Nereus/SN123/venv/lib/python3.11/site-packages/keras/src/utils/traceback_utils.py\", line 122, in error_handler\n    raise e.with_traceback(filtered_tb) from None\n  File \"/home/ocean/Nereus/SN123/venv/lib/python3.11/site-packages/keras/src/backend/tensorflow/numpy.py\", line 2421, in sign\n    return tf.sign(x)\n           ^^^^^^^^^^\ntensorflow.python.framework.errors_impl.UnknownError: {{function_node __wrapped__Sign_device_/job:localhost/replica:0/task:0/device:GPU:0}} JIT compilation failed. [Op:Sign] name: \n"
    }
  ]
}